  COMP2510_Review3.c
c:\users\deric\workspace\comp2510_review3\comp2510_review3.c(6): error C2143: syntax error: missing ')' before '*'
c:\users\deric\workspace\comp2510_review3\comp2510_review3.c(6): error C2143: syntax error: missing '{' before '*'
c:\users\deric\workspace\comp2510_review3\comp2510_review3.c(6): error C2059: syntax error: ')'
c:\users\deric\workspace\comp2510_review3\comp2510_review3.c(7): error C2143: syntax error: missing '{' before '*'
c:\users\deric\workspace\comp2510_review3\comp2510_review3.c(7): error C2143: syntax error: missing ')' before '*'
c:\users\deric\workspace\comp2510_review3\comp2510_review3.c(7): error C2059: syntax error: 'type'
c:\users\deric\workspace\comp2510_review3\comp2510_review3.c(7): error C2059: syntax error: ')'
c:\users\deric\workspace\comp2510_review3\comp2510_review3.c(8): error C2143: syntax error: missing ')' before '*'
c:\users\deric\workspace\comp2510_review3\comp2510_review3.c(8): error C2143: syntax error: missing '{' before '*'
c:\users\deric\workspace\comp2510_review3\comp2510_review3.c(8): error C2059: syntax error: ')'
c:\users\deric\workspace\comp2510_review3\comp2510_review3.c(17): error C2061: syntax error: identifier 'node'
c:\users\deric\workspace\comp2510_review3\comp2510_review3.c(18): error C2059: syntax error: '}'
c:\users\deric\workspace\comp2510_review3\comp2510_review3.c(30): error C2143: syntax error: missing ')' before '*'
c:\users\deric\workspace\comp2510_review3\comp2510_review3.c(30): error C2143: syntax error: missing '{' before '*'
c:\users\deric\workspace\comp2510_review3\comp2510_review3.c(30): error C2059: syntax error: ')'
c:\users\deric\workspace\comp2510_review3\comp2510_review3.c(30): error C2054: expected '(' to follow 'lst'
c:\users\deric\workspace\comp2510_review3\comp2510_review3.c(37): error C2143: syntax error: missing '{' before '*'
c:\users\deric\workspace\comp2510_review3\comp2510_review3.c(37): error C2143: syntax error: missing ')' before '*'
c:\users\deric\workspace\comp2510_review3\comp2510_review3.c(37): fatal error C1903: unable to recover from previous error(s); stopping compilation
  INTERNAL COMPILER ERROR in 'C:\Program Files (x86)\Microsoft Visual Studio 14.0\VC\bin\CL.exe'
      Please choose the Technical Support command on the Visual C++
      Help menu, or open the Technical Support help file for more information
